{"uid":"8015f6fded9ddd7","name":"Login with valid credentials","fullName":"Verifying TNA Login Page Functionality: Login with valid credentials","historyId":"a2bfdd4faf7eca58b237c77d7539ce42","time":{"start":1735901333660,"stop":1735901345504,"duration":11844},"status":"failed","statusMessage":"AssertionError: Expected URL 'http://158.176.9.148:30026/#/Controls/userconfig', but got 'http://158.176.9.148:30026/#/login'.\n","statusTrace":"  File \"C:\\Users\\syedt\\AppData\\Local\\Programs\\Python\\Python313\\Lib\\site-packages\\behave\\model.py\", line 1329, in run\n    match.run(runner.context)\n    ~~~~~~~~~^^^^^^^^^^^^^^^^\n  File \"C:\\Users\\syedt\\AppData\\Local\\Programs\\Python\\Python313\\Lib\\site-packages\\behave\\matchers.py\", line 98, in run\n    self.func(context, *args, **kwargs)\n    ~~~~~~~~~^^^^^^^^^^^^^^^^^^^^^^^^^^\n  File \"steps\\AdminLogin_Steps.py\", line 71, in step_impl\n    assert current_url == EXPECTED_URL, f\"Expected URL '{EXPECTED_URL}', but got '{current_url}'.\"\n           ^^^^^^^^^^^^^^^^^^^^^^^^^^^\n","flaky":false,"newFailed":false,"newBroken":false,"newPassed":false,"retriesCount":0,"retriesStatusChange":false,"beforeStages":[],"testStage":{"status":"failed","statusMessage":"AssertionError: Expected URL 'http://158.176.9.148:30026/#/Controls/userconfig', but got 'http://158.176.9.148:30026/#/login'.\n","statusTrace":"  File \"C:\\Users\\syedt\\AppData\\Local\\Programs\\Python\\Python313\\Lib\\site-packages\\behave\\model.py\", line 1329, in run\n    match.run(runner.context)\n    ~~~~~~~~~^^^^^^^^^^^^^^^^\n  File \"C:\\Users\\syedt\\AppData\\Local\\Programs\\Python\\Python313\\Lib\\site-packages\\behave\\matchers.py\", line 98, in run\n    self.func(context, *args, **kwargs)\n    ~~~~~~~~~^^^^^^^^^^^^^^^^^^^^^^^^^^\n  File \"steps\\AdminLogin_Steps.py\", line 71, in step_impl\n    assert current_url == EXPECTED_URL, f\"Expected URL '{EXPECTED_URL}', but got '{current_url}'.\"\n           ^^^^^^^^^^^^^^^^^^^^^^^^^^^\n","steps":[{"name":"Given I lunched the TNA Login Page","time":{"start":1735901333660,"stop":1735901339847,"duration":6187},"status":"passed","steps":[],"attachments":[],"parameters":[],"shouldDisplayMessage":false,"attachmentsCount":0,"stepsCount":0,"attachmentStep":false,"hasContent":false},{"name":"Given Enter the valid username and password","time":{"start":1735901339848,"stop":1735901341085,"duration":1237},"status":"passed","steps":[],"attachments":[],"parameters":[],"shouldDisplayMessage":false,"attachmentsCount":0,"stepsCount":0,"attachmentStep":false,"hasContent":false},{"name":"When Click on the signin button","time":{"start":1735901341085,"stop":1735901343169,"duration":2084},"status":"passed","steps":[],"attachments":[],"parameters":[],"shouldDisplayMessage":false,"attachmentsCount":0,"stepsCount":0,"attachmentStep":false,"hasContent":false},{"name":"Then Verify \"home dashboard\" is displayed","time":{"start":1735901343169,"stop":1735901343179,"duration":10},"status":"failed","statusMessage":"AssertionError: Expected URL 'http://158.176.9.148:30026/#/Controls/userconfig', but got 'http://158.176.9.148:30026/#/login'.\n","statusTrace":"  File \"C:\\Users\\syedt\\AppData\\Local\\Programs\\Python\\Python313\\Lib\\site-packages\\behave\\model.py\", line 1329, in run\n    match.run(runner.context)\n    ~~~~~~~~~^^^^^^^^^^^^^^^^\n  File \"C:\\Users\\syedt\\AppData\\Local\\Programs\\Python\\Python313\\Lib\\site-packages\\behave\\matchers.py\", line 98, in run\n    self.func(context, *args, **kwargs)\n    ~~~~~~~~~^^^^^^^^^^^^^^^^^^^^^^^^^^\n  File \"steps\\AdminLogin_Steps.py\", line 71, in step_impl\n    assert current_url == EXPECTED_URL, f\"Expected URL '{EXPECTED_URL}', but got '{current_url}'.\"\n           ^^^^^^^^^^^^^^^^^^^^^^^^^^^\n","steps":[],"attachments":[],"parameters":[],"shouldDisplayMessage":true,"attachmentsCount":0,"stepsCount":0,"attachmentStep":false,"hasContent":true}],"attachments":[{"uid":"85dd0b3b0cd56ddd","name":"Login with valid credentials (Fail)","source":"85dd0b3b0cd56ddd.png","type":"image/png","size":90929}],"parameters":[],"shouldDisplayMessage":false,"attachmentsCount":1,"stepsCount":4,"attachmentStep":false,"hasContent":true},"afterStages":[],"labels":[{"name":"severity","value":"normal"},{"name":"tag","value":"Positive"},{"name":"feature","value":"Verifying TNA Login Page Functionality"},{"name":"framework","value":"behave"},{"name":"language","value":"cpython3"},{"name":"resultFormat","value":"allure2"}],"parameters":[],"links":[],"hidden":true,"retry":true,"extra":{"categories":[],"tags":["Positive"]},"source":"8015f6fded9ddd7.json","parameterValues":[]}